Performing C SOURCE FILE Test CMAKE_HAVE_LIBC_PTHREAD failed with the following output:
Change Dir: /home/satoshi/GankenKun_webots/hr46_b3m/build/CMakeFiles/CMakeTmp

Run Build Command(s):/usr/bin/make cmTC_a7788/fast && /usr/bin/make  -f CMakeFiles/cmTC_a7788.dir/build.make CMakeFiles/cmTC_a7788.dir/build
make[1]: Entering directory '/home/satoshi/GankenKun_webots/hr46_b3m/build/CMakeFiles/CMakeTmp'
Building C object CMakeFiles/cmTC_a7788.dir/src.c.o
/usr/bin/cc   -DCMAKE_HAVE_LIBC_PTHREAD -o CMakeFiles/cmTC_a7788.dir/src.c.o -c /home/satoshi/GankenKun_webots/hr46_b3m/build/CMakeFiles/CMakeTmp/src.c
Linking C executable cmTC_a7788
/home/satoshi/.local/lib/python3.6/site-packages/cmake/data/bin/cmake -E cmake_link_script CMakeFiles/cmTC_a7788.dir/link.txt --verbose=1
/usr/bin/cc  -DCMAKE_HAVE_LIBC_PTHREAD -rdynamic CMakeFiles/cmTC_a7788.dir/src.c.o -o cmTC_a7788 
CMakeFiles/cmTC_a7788.dir/src.c.o: In function `main':
src.c:(.text+0x3e): undefined reference to `pthread_create'
src.c:(.text+0x4a): undefined reference to `pthread_detach'
src.c:(.text+0x56): undefined reference to `pthread_cancel'
src.c:(.text+0x67): undefined reference to `pthread_join'
src.c:(.text+0x7b): undefined reference to `pthread_atfork'
collect2: error: ld returned 1 exit status
CMakeFiles/cmTC_a7788.dir/build.make:105: recipe for target 'cmTC_a7788' failed
make[1]: *** [cmTC_a7788] Error 1
make[1]: Leaving directory '/home/satoshi/GankenKun_webots/hr46_b3m/build/CMakeFiles/CMakeTmp'
Makefile:140: recipe for target 'cmTC_a7788/fast' failed
make: *** [cmTC_a7788/fast] Error 2


Source file was:
#include <pthread.h>

void* test_func(void* data)
{
  return data;
}

int main(void)
{
  pthread_t thread;
  pthread_create(&thread, NULL, test_func, NULL);
  pthread_detach(thread);
  pthread_cancel(thread);
  pthread_join(thread, NULL);
  pthread_atfork(NULL, NULL, NULL);
  pthread_exit(NULL);

  return 0;
}

Determining if the function pthread_create exists in the pthreads failed with the following output:
Change Dir: /home/satoshi/GankenKun_webots/hr46_b3m/build/CMakeFiles/CMakeTmp

Run Build Command(s):/usr/bin/make cmTC_462aa/fast && /usr/bin/make  -f CMakeFiles/cmTC_462aa.dir/build.make CMakeFiles/cmTC_462aa.dir/build
make[1]: Entering directory '/home/satoshi/GankenKun_webots/hr46_b3m/build/CMakeFiles/CMakeTmp'
Building C object CMakeFiles/cmTC_462aa.dir/CheckFunctionExists.c.o
/usr/bin/cc   -DCHECK_FUNCTION_EXISTS=pthread_create -o CMakeFiles/cmTC_462aa.dir/CheckFunctionExists.c.o -c /home/satoshi/.local/lib/python3.6/site-packages/cmake/data/share/cmake-3.18/Modules/CheckFunctionExists.c
Linking C executable cmTC_462aa
/home/satoshi/.local/lib/python3.6/site-packages/cmake/data/bin/cmake -E cmake_link_script CMakeFiles/cmTC_462aa.dir/link.txt --verbose=1
/usr/bin/cc  -DCHECK_FUNCTION_EXISTS=pthread_create -rdynamic CMakeFiles/cmTC_462aa.dir/CheckFunctionExists.c.o -o cmTC_462aa  -lpthreads 
/usr/bin/ld: cannot find -lpthreads
collect2: error: ld returned 1 exit status
CMakeFiles/cmTC_462aa.dir/build.make:105: recipe for target 'cmTC_462aa' failed
make[1]: *** [cmTC_462aa] Error 1
make[1]: Leaving directory '/home/satoshi/GankenKun_webots/hr46_b3m/build/CMakeFiles/CMakeTmp'
Makefile:140: recipe for target 'cmTC_462aa/fast' failed
make: *** [cmTC_462aa/fast] Error 2



Performing C SOURCE FILE Test CMAKE_HAVE_LIBC_PTHREAD failed with the following output:
Change Dir: /home/satoshi/GankenKun_webots/hr46_b3m/build/CMakeFiles/CMakeTmp

Run Build Command(s):/usr/bin/make cmTC_a3b4e/fast && /usr/bin/make  -f CMakeFiles/cmTC_a3b4e.dir/build.make CMakeFiles/cmTC_a3b4e.dir/build
make[1]: Entering directory '/home/satoshi/GankenKun_webots/hr46_b3m/build/CMakeFiles/CMakeTmp'
Building C object CMakeFiles/cmTC_a3b4e.dir/src.c.o
/usr/bin/cc   -DCMAKE_HAVE_LIBC_PTHREAD -o CMakeFiles/cmTC_a3b4e.dir/src.c.o -c /home/satoshi/GankenKun_webots/hr46_b3m/build/CMakeFiles/CMakeTmp/src.c
Linking C executable cmTC_a3b4e
/home/satoshi/.local/lib/python3.6/site-packages/cmake/data/bin/cmake -E cmake_link_script CMakeFiles/cmTC_a3b4e.dir/link.txt --verbose=1
/usr/bin/cc  -DCMAKE_HAVE_LIBC_PTHREAD -rdynamic CMakeFiles/cmTC_a3b4e.dir/src.c.o -o cmTC_a3b4e 
CMakeFiles/cmTC_a3b4e.dir/src.c.o: In function `main':
src.c:(.text+0x3e): undefined reference to `pthread_create'
src.c:(.text+0x4a): undefined reference to `pthread_detach'
src.c:(.text+0x56): undefined reference to `pthread_cancel'
src.c:(.text+0x67): undefined reference to `pthread_join'
src.c:(.text+0x7b): undefined reference to `pthread_atfork'
collect2: error: ld returned 1 exit status
CMakeFiles/cmTC_a3b4e.dir/build.make:105: recipe for target 'cmTC_a3b4e' failed
make[1]: *** [cmTC_a3b4e] Error 1
make[1]: Leaving directory '/home/satoshi/GankenKun_webots/hr46_b3m/build/CMakeFiles/CMakeTmp'
Makefile:140: recipe for target 'cmTC_a3b4e/fast' failed
make: *** [cmTC_a3b4e/fast] Error 2


Source file was:
#include <pthread.h>

void* test_func(void* data)
{
  return data;
}

int main(void)
{
  pthread_t thread;
  pthread_create(&thread, NULL, test_func, NULL);
  pthread_detach(thread);
  pthread_cancel(thread);
  pthread_join(thread, NULL);
  pthread_atfork(NULL, NULL, NULL);
  pthread_exit(NULL);

  return 0;
}

Determining if the function pthread_create exists in the pthreads failed with the following output:
Change Dir: /home/satoshi/GankenKun_webots/hr46_b3m/build/CMakeFiles/CMakeTmp

Run Build Command(s):/usr/bin/make cmTC_fa21b/fast && /usr/bin/make  -f CMakeFiles/cmTC_fa21b.dir/build.make CMakeFiles/cmTC_fa21b.dir/build
make[1]: Entering directory '/home/satoshi/GankenKun_webots/hr46_b3m/build/CMakeFiles/CMakeTmp'
Building C object CMakeFiles/cmTC_fa21b.dir/CheckFunctionExists.c.o
/usr/bin/cc   -DCHECK_FUNCTION_EXISTS=pthread_create -o CMakeFiles/cmTC_fa21b.dir/CheckFunctionExists.c.o -c /home/satoshi/.local/lib/python3.6/site-packages/cmake/data/share/cmake-3.18/Modules/CheckFunctionExists.c
Linking C executable cmTC_fa21b
/home/satoshi/.local/lib/python3.6/site-packages/cmake/data/bin/cmake -E cmake_link_script CMakeFiles/cmTC_fa21b.dir/link.txt --verbose=1
/usr/bin/cc  -DCHECK_FUNCTION_EXISTS=pthread_create -rdynamic CMakeFiles/cmTC_fa21b.dir/CheckFunctionExists.c.o -o cmTC_fa21b  -lpthreads 
/usr/bin/ld: cannot find -lpthreads
collect2: error: ld returned 1 exit status
CMakeFiles/cmTC_fa21b.dir/build.make:105: recipe for target 'cmTC_fa21b' failed
make[1]: *** [cmTC_fa21b] Error 1
make[1]: Leaving directory '/home/satoshi/GankenKun_webots/hr46_b3m/build/CMakeFiles/CMakeTmp'
Makefile:140: recipe for target 'cmTC_fa21b/fast' failed
make: *** [cmTC_fa21b/fast] Error 2



Performing C SOURCE FILE Test CMAKE_HAVE_LIBC_PTHREAD failed with the following output:
Change Dir: /home/satoshi/GankenKun_webots/hr46_b3m/build/CMakeFiles/CMakeTmp

Run Build Command(s):/usr/bin/make cmTC_9939d/fast && /usr/bin/make  -f CMakeFiles/cmTC_9939d.dir/build.make CMakeFiles/cmTC_9939d.dir/build
make[1]: Entering directory '/home/satoshi/GankenKun_webots/hr46_b3m/build/CMakeFiles/CMakeTmp'
Building C object CMakeFiles/cmTC_9939d.dir/src.c.o
/usr/bin/cc   -DCMAKE_HAVE_LIBC_PTHREAD -o CMakeFiles/cmTC_9939d.dir/src.c.o -c /home/satoshi/GankenKun_webots/hr46_b3m/build/CMakeFiles/CMakeTmp/src.c
Linking C executable cmTC_9939d
/home/satoshi/.local/lib/python3.6/site-packages/cmake/data/bin/cmake -E cmake_link_script CMakeFiles/cmTC_9939d.dir/link.txt --verbose=1
/usr/bin/cc  -DCMAKE_HAVE_LIBC_PTHREAD -rdynamic CMakeFiles/cmTC_9939d.dir/src.c.o -o cmTC_9939d 
CMakeFiles/cmTC_9939d.dir/src.c.o: In function `main':
src.c:(.text+0x3e): undefined reference to `pthread_create'
src.c:(.text+0x4a): undefined reference to `pthread_detach'
src.c:(.text+0x56): undefined reference to `pthread_cancel'
src.c:(.text+0x67): undefined reference to `pthread_join'
src.c:(.text+0x7b): undefined reference to `pthread_atfork'
collect2: error: ld returned 1 exit status
CMakeFiles/cmTC_9939d.dir/build.make:105: recipe for target 'cmTC_9939d' failed
make[1]: *** [cmTC_9939d] Error 1
make[1]: Leaving directory '/home/satoshi/GankenKun_webots/hr46_b3m/build/CMakeFiles/CMakeTmp'
Makefile:140: recipe for target 'cmTC_9939d/fast' failed
make: *** [cmTC_9939d/fast] Error 2


Source file was:
#include <pthread.h>

void* test_func(void* data)
{
  return data;
}

int main(void)
{
  pthread_t thread;
  pthread_create(&thread, NULL, test_func, NULL);
  pthread_detach(thread);
  pthread_cancel(thread);
  pthread_join(thread, NULL);
  pthread_atfork(NULL, NULL, NULL);
  pthread_exit(NULL);

  return 0;
}

Determining if the function pthread_create exists in the pthreads failed with the following output:
Change Dir: /home/satoshi/GankenKun_webots/hr46_b3m/build/CMakeFiles/CMakeTmp

Run Build Command(s):/usr/bin/make cmTC_ae71b/fast && /usr/bin/make  -f CMakeFiles/cmTC_ae71b.dir/build.make CMakeFiles/cmTC_ae71b.dir/build
make[1]: Entering directory '/home/satoshi/GankenKun_webots/hr46_b3m/build/CMakeFiles/CMakeTmp'
Building C object CMakeFiles/cmTC_ae71b.dir/CheckFunctionExists.c.o
/usr/bin/cc   -DCHECK_FUNCTION_EXISTS=pthread_create -o CMakeFiles/cmTC_ae71b.dir/CheckFunctionExists.c.o -c /home/satoshi/.local/lib/python3.6/site-packages/cmake/data/share/cmake-3.18/Modules/CheckFunctionExists.c
Linking C executable cmTC_ae71b
/home/satoshi/.local/lib/python3.6/site-packages/cmake/data/bin/cmake -E cmake_link_script CMakeFiles/cmTC_ae71b.dir/link.txt --verbose=1
/usr/bin/cc  -DCHECK_FUNCTION_EXISTS=pthread_create -rdynamic CMakeFiles/cmTC_ae71b.dir/CheckFunctionExists.c.o -o cmTC_ae71b  -lpthreads 
/usr/bin/ld: cannot find -lpthreads
collect2: error: ld returned 1 exit status
CMakeFiles/cmTC_ae71b.dir/build.make:105: recipe for target 'cmTC_ae71b' failed
make[1]: *** [cmTC_ae71b] Error 1
make[1]: Leaving directory '/home/satoshi/GankenKun_webots/hr46_b3m/build/CMakeFiles/CMakeTmp'
Makefile:140: recipe for target 'cmTC_ae71b/fast' failed
make: *** [cmTC_ae71b/fast] Error 2



Performing C SOURCE FILE Test CMAKE_HAVE_LIBC_PTHREAD failed with the following output:
Change Dir: /home/satoshi/GankenKun_webots/hr46_b3m/build/CMakeFiles/CMakeTmp

Run Build Command(s):/usr/bin/make cmTC_60eae/fast && /usr/bin/make  -f CMakeFiles/cmTC_60eae.dir/build.make CMakeFiles/cmTC_60eae.dir/build
make[1]: Entering directory '/home/satoshi/GankenKun_webots/hr46_b3m/build/CMakeFiles/CMakeTmp'
Building C object CMakeFiles/cmTC_60eae.dir/src.c.o
/usr/bin/cc   -DCMAKE_HAVE_LIBC_PTHREAD -o CMakeFiles/cmTC_60eae.dir/src.c.o -c /home/satoshi/GankenKun_webots/hr46_b3m/build/CMakeFiles/CMakeTmp/src.c
Linking C executable cmTC_60eae
/home/satoshi/.local/lib/python3.6/site-packages/cmake/data/bin/cmake -E cmake_link_script CMakeFiles/cmTC_60eae.dir/link.txt --verbose=1
/usr/bin/cc  -DCMAKE_HAVE_LIBC_PTHREAD -rdynamic CMakeFiles/cmTC_60eae.dir/src.c.o -o cmTC_60eae 
CMakeFiles/cmTC_60eae.dir/src.c.o: In function `main':
src.c:(.text+0x3e): undefined reference to `pthread_create'
src.c:(.text+0x4a): undefined reference to `pthread_detach'
src.c:(.text+0x56): undefined reference to `pthread_cancel'
src.c:(.text+0x67): undefined reference to `pthread_join'
src.c:(.text+0x7b): undefined reference to `pthread_atfork'
collect2: error: ld returned 1 exit status
CMakeFiles/cmTC_60eae.dir/build.make:105: recipe for target 'cmTC_60eae' failed
make[1]: *** [cmTC_60eae] Error 1
make[1]: Leaving directory '/home/satoshi/GankenKun_webots/hr46_b3m/build/CMakeFiles/CMakeTmp'
Makefile:140: recipe for target 'cmTC_60eae/fast' failed
make: *** [cmTC_60eae/fast] Error 2


Source file was:
#include <pthread.h>

void* test_func(void* data)
{
  return data;
}

int main(void)
{
  pthread_t thread;
  pthread_create(&thread, NULL, test_func, NULL);
  pthread_detach(thread);
  pthread_cancel(thread);
  pthread_join(thread, NULL);
  pthread_atfork(NULL, NULL, NULL);
  pthread_exit(NULL);

  return 0;
}

Determining if the function pthread_create exists in the pthreads failed with the following output:
Change Dir: /home/satoshi/GankenKun_webots/hr46_b3m/build/CMakeFiles/CMakeTmp

Run Build Command(s):/usr/bin/make cmTC_825b8/fast && /usr/bin/make  -f CMakeFiles/cmTC_825b8.dir/build.make CMakeFiles/cmTC_825b8.dir/build
make[1]: Entering directory '/home/satoshi/GankenKun_webots/hr46_b3m/build/CMakeFiles/CMakeTmp'
Building C object CMakeFiles/cmTC_825b8.dir/CheckFunctionExists.c.o
/usr/bin/cc   -DCHECK_FUNCTION_EXISTS=pthread_create -o CMakeFiles/cmTC_825b8.dir/CheckFunctionExists.c.o -c /home/satoshi/.local/lib/python3.6/site-packages/cmake/data/share/cmake-3.18/Modules/CheckFunctionExists.c
Linking C executable cmTC_825b8
/home/satoshi/.local/lib/python3.6/site-packages/cmake/data/bin/cmake -E cmake_link_script CMakeFiles/cmTC_825b8.dir/link.txt --verbose=1
/usr/bin/cc  -DCHECK_FUNCTION_EXISTS=pthread_create -rdynamic CMakeFiles/cmTC_825b8.dir/CheckFunctionExists.c.o -o cmTC_825b8  -lpthreads 
/usr/bin/ld: cannot find -lpthreads
collect2: error: ld returned 1 exit status
CMakeFiles/cmTC_825b8.dir/build.make:105: recipe for target 'cmTC_825b8' failed
make[1]: *** [cmTC_825b8] Error 1
make[1]: Leaving directory '/home/satoshi/GankenKun_webots/hr46_b3m/build/CMakeFiles/CMakeTmp'
Makefile:140: recipe for target 'cmTC_825b8/fast' failed
make: *** [cmTC_825b8/fast] Error 2



Performing C SOURCE FILE Test CMAKE_HAVE_LIBC_PTHREAD failed with the following output:
Change Dir: /home/satoshi/GankenKun_webots/hr46_b3m/build/CMakeFiles/CMakeTmp

Run Build Command(s):/usr/bin/make cmTC_fbd09/fast && /usr/bin/make  -f CMakeFiles/cmTC_fbd09.dir/build.make CMakeFiles/cmTC_fbd09.dir/build
make[1]: Entering directory '/home/satoshi/GankenKun_webots/hr46_b3m/build/CMakeFiles/CMakeTmp'
Building C object CMakeFiles/cmTC_fbd09.dir/src.c.o
/usr/bin/cc   -DCMAKE_HAVE_LIBC_PTHREAD -o CMakeFiles/cmTC_fbd09.dir/src.c.o -c /home/satoshi/GankenKun_webots/hr46_b3m/build/CMakeFiles/CMakeTmp/src.c
Linking C executable cmTC_fbd09
/home/satoshi/.local/lib/python3.6/site-packages/cmake/data/bin/cmake -E cmake_link_script CMakeFiles/cmTC_fbd09.dir/link.txt --verbose=1
/usr/bin/cc  -DCMAKE_HAVE_LIBC_PTHREAD -rdynamic CMakeFiles/cmTC_fbd09.dir/src.c.o -o cmTC_fbd09 
CMakeFiles/cmTC_fbd09.dir/src.c.o: In function `main':
src.c:(.text+0x3e): undefined reference to `pthread_create'
src.c:(.text+0x4a): undefined reference to `pthread_detach'
src.c:(.text+0x56): undefined reference to `pthread_cancel'
src.c:(.text+0x67): undefined reference to `pthread_join'
src.c:(.text+0x7b): undefined reference to `pthread_atfork'
collect2: error: ld returned 1 exit status
CMakeFiles/cmTC_fbd09.dir/build.make:105: recipe for target 'cmTC_fbd09' failed
make[1]: *** [cmTC_fbd09] Error 1
make[1]: Leaving directory '/home/satoshi/GankenKun_webots/hr46_b3m/build/CMakeFiles/CMakeTmp'
Makefile:140: recipe for target 'cmTC_fbd09/fast' failed
make: *** [cmTC_fbd09/fast] Error 2


Source file was:
#include <pthread.h>

void* test_func(void* data)
{
  return data;
}

int main(void)
{
  pthread_t thread;
  pthread_create(&thread, NULL, test_func, NULL);
  pthread_detach(thread);
  pthread_cancel(thread);
  pthread_join(thread, NULL);
  pthread_atfork(NULL, NULL, NULL);
  pthread_exit(NULL);

  return 0;
}

Determining if the function pthread_create exists in the pthreads failed with the following output:
Change Dir: /home/satoshi/GankenKun_webots/hr46_b3m/build/CMakeFiles/CMakeTmp

Run Build Command(s):/usr/bin/make cmTC_729fc/fast && /usr/bin/make  -f CMakeFiles/cmTC_729fc.dir/build.make CMakeFiles/cmTC_729fc.dir/build
make[1]: Entering directory '/home/satoshi/GankenKun_webots/hr46_b3m/build/CMakeFiles/CMakeTmp'
Building C object CMakeFiles/cmTC_729fc.dir/CheckFunctionExists.c.o
/usr/bin/cc   -DCHECK_FUNCTION_EXISTS=pthread_create -o CMakeFiles/cmTC_729fc.dir/CheckFunctionExists.c.o -c /home/satoshi/.local/lib/python3.6/site-packages/cmake/data/share/cmake-3.18/Modules/CheckFunctionExists.c
Linking C executable cmTC_729fc
/home/satoshi/.local/lib/python3.6/site-packages/cmake/data/bin/cmake -E cmake_link_script CMakeFiles/cmTC_729fc.dir/link.txt --verbose=1
/usr/bin/cc  -DCHECK_FUNCTION_EXISTS=pthread_create -rdynamic CMakeFiles/cmTC_729fc.dir/CheckFunctionExists.c.o -o cmTC_729fc  -lpthreads 
/usr/bin/ld: cannot find -lpthreads
collect2: error: ld returned 1 exit status
CMakeFiles/cmTC_729fc.dir/build.make:105: recipe for target 'cmTC_729fc' failed
make[1]: *** [cmTC_729fc] Error 1
make[1]: Leaving directory '/home/satoshi/GankenKun_webots/hr46_b3m/build/CMakeFiles/CMakeTmp'
Makefile:140: recipe for target 'cmTC_729fc/fast' failed
make: *** [cmTC_729fc/fast] Error 2



Performing C SOURCE FILE Test CMAKE_HAVE_LIBC_PTHREAD failed with the following output:
Change Dir: /home/satoshi/GankenKun_webots/hr46_b3m/build/CMakeFiles/CMakeTmp

Run Build Command(s):/usr/bin/make cmTC_b01f5/fast && /usr/bin/make  -f CMakeFiles/cmTC_b01f5.dir/build.make CMakeFiles/cmTC_b01f5.dir/build
make[1]: Entering directory '/home/satoshi/GankenKun_webots/hr46_b3m/build/CMakeFiles/CMakeTmp'
Building C object CMakeFiles/cmTC_b01f5.dir/src.c.o
/usr/bin/cc   -DCMAKE_HAVE_LIBC_PTHREAD -o CMakeFiles/cmTC_b01f5.dir/src.c.o -c /home/satoshi/GankenKun_webots/hr46_b3m/build/CMakeFiles/CMakeTmp/src.c
Linking C executable cmTC_b01f5
/home/satoshi/.local/lib/python3.6/site-packages/cmake/data/bin/cmake -E cmake_link_script CMakeFiles/cmTC_b01f5.dir/link.txt --verbose=1
/usr/bin/cc  -DCMAKE_HAVE_LIBC_PTHREAD -rdynamic CMakeFiles/cmTC_b01f5.dir/src.c.o -o cmTC_b01f5 
CMakeFiles/cmTC_b01f5.dir/src.c.o: In function `main':
src.c:(.text+0x3e): undefined reference to `pthread_create'
src.c:(.text+0x4a): undefined reference to `pthread_detach'
src.c:(.text+0x56): undefined reference to `pthread_cancel'
src.c:(.text+0x67): undefined reference to `pthread_join'
src.c:(.text+0x7b): undefined reference to `pthread_atfork'
collect2: error: ld returned 1 exit status
CMakeFiles/cmTC_b01f5.dir/build.make:105: recipe for target 'cmTC_b01f5' failed
make[1]: *** [cmTC_b01f5] Error 1
make[1]: Leaving directory '/home/satoshi/GankenKun_webots/hr46_b3m/build/CMakeFiles/CMakeTmp'
Makefile:140: recipe for target 'cmTC_b01f5/fast' failed
make: *** [cmTC_b01f5/fast] Error 2


Source file was:
#include <pthread.h>

void* test_func(void* data)
{
  return data;
}

int main(void)
{
  pthread_t thread;
  pthread_create(&thread, NULL, test_func, NULL);
  pthread_detach(thread);
  pthread_cancel(thread);
  pthread_join(thread, NULL);
  pthread_atfork(NULL, NULL, NULL);
  pthread_exit(NULL);

  return 0;
}

Determining if the function pthread_create exists in the pthreads failed with the following output:
Change Dir: /home/satoshi/GankenKun_webots/hr46_b3m/build/CMakeFiles/CMakeTmp

Run Build Command(s):/usr/bin/make cmTC_fd091/fast && /usr/bin/make  -f CMakeFiles/cmTC_fd091.dir/build.make CMakeFiles/cmTC_fd091.dir/build
make[1]: Entering directory '/home/satoshi/GankenKun_webots/hr46_b3m/build/CMakeFiles/CMakeTmp'
Building C object CMakeFiles/cmTC_fd091.dir/CheckFunctionExists.c.o
/usr/bin/cc   -DCHECK_FUNCTION_EXISTS=pthread_create -o CMakeFiles/cmTC_fd091.dir/CheckFunctionExists.c.o -c /home/satoshi/.local/lib/python3.6/site-packages/cmake/data/share/cmake-3.18/Modules/CheckFunctionExists.c
Linking C executable cmTC_fd091
/home/satoshi/.local/lib/python3.6/site-packages/cmake/data/bin/cmake -E cmake_link_script CMakeFiles/cmTC_fd091.dir/link.txt --verbose=1
/usr/bin/cc  -DCHECK_FUNCTION_EXISTS=pthread_create -rdynamic CMakeFiles/cmTC_fd091.dir/CheckFunctionExists.c.o -o cmTC_fd091  -lpthreads 
/usr/bin/ld: cannot find -lpthreads
collect2: error: ld returned 1 exit status
CMakeFiles/cmTC_fd091.dir/build.make:105: recipe for target 'cmTC_fd091' failed
make[1]: *** [cmTC_fd091] Error 1
make[1]: Leaving directory '/home/satoshi/GankenKun_webots/hr46_b3m/build/CMakeFiles/CMakeTmp'
Makefile:140: recipe for target 'cmTC_fd091/fast' failed
make: *** [cmTC_fd091/fast] Error 2



Performing C SOURCE FILE Test CMAKE_HAVE_LIBC_PTHREAD failed with the following output:
Change Dir: /home/satoshi/GankenKun_webots/hr46_b3m/build/CMakeFiles/CMakeTmp

Run Build Command(s):/usr/bin/make cmTC_05897/fast && /usr/bin/make  -f CMakeFiles/cmTC_05897.dir/build.make CMakeFiles/cmTC_05897.dir/build
make[1]: Entering directory '/home/satoshi/GankenKun_webots/hr46_b3m/build/CMakeFiles/CMakeTmp'
Building C object CMakeFiles/cmTC_05897.dir/src.c.o
/usr/bin/cc   -DCMAKE_HAVE_LIBC_PTHREAD -o CMakeFiles/cmTC_05897.dir/src.c.o -c /home/satoshi/GankenKun_webots/hr46_b3m/build/CMakeFiles/CMakeTmp/src.c
Linking C executable cmTC_05897
/home/satoshi/.local/lib/python3.6/site-packages/cmake/data/bin/cmake -E cmake_link_script CMakeFiles/cmTC_05897.dir/link.txt --verbose=1
/usr/bin/cc  -DCMAKE_HAVE_LIBC_PTHREAD -rdynamic CMakeFiles/cmTC_05897.dir/src.c.o -o cmTC_05897 
CMakeFiles/cmTC_05897.dir/src.c.o: In function `main':
src.c:(.text+0x3e): undefined reference to `pthread_create'
src.c:(.text+0x4a): undefined reference to `pthread_detach'
src.c:(.text+0x56): undefined reference to `pthread_cancel'
src.c:(.text+0x67): undefined reference to `pthread_join'
src.c:(.text+0x7b): undefined reference to `pthread_atfork'
collect2: error: ld returned 1 exit status
CMakeFiles/cmTC_05897.dir/build.make:105: recipe for target 'cmTC_05897' failed
make[1]: *** [cmTC_05897] Error 1
make[1]: Leaving directory '/home/satoshi/GankenKun_webots/hr46_b3m/build/CMakeFiles/CMakeTmp'
Makefile:140: recipe for target 'cmTC_05897/fast' failed
make: *** [cmTC_05897/fast] Error 2


Source file was:
#include <pthread.h>

void* test_func(void* data)
{
  return data;
}

int main(void)
{
  pthread_t thread;
  pthread_create(&thread, NULL, test_func, NULL);
  pthread_detach(thread);
  pthread_cancel(thread);
  pthread_join(thread, NULL);
  pthread_atfork(NULL, NULL, NULL);
  pthread_exit(NULL);

  return 0;
}

Determining if the function pthread_create exists in the pthreads failed with the following output:
Change Dir: /home/satoshi/GankenKun_webots/hr46_b3m/build/CMakeFiles/CMakeTmp

Run Build Command(s):/usr/bin/make cmTC_ff13c/fast && /usr/bin/make  -f CMakeFiles/cmTC_ff13c.dir/build.make CMakeFiles/cmTC_ff13c.dir/build
make[1]: Entering directory '/home/satoshi/GankenKun_webots/hr46_b3m/build/CMakeFiles/CMakeTmp'
Building C object CMakeFiles/cmTC_ff13c.dir/CheckFunctionExists.c.o
/usr/bin/cc   -DCHECK_FUNCTION_EXISTS=pthread_create -o CMakeFiles/cmTC_ff13c.dir/CheckFunctionExists.c.o -c /home/satoshi/.local/lib/python3.6/site-packages/cmake/data/share/cmake-3.18/Modules/CheckFunctionExists.c
Linking C executable cmTC_ff13c
/home/satoshi/.local/lib/python3.6/site-packages/cmake/data/bin/cmake -E cmake_link_script CMakeFiles/cmTC_ff13c.dir/link.txt --verbose=1
/usr/bin/cc  -DCHECK_FUNCTION_EXISTS=pthread_create -rdynamic CMakeFiles/cmTC_ff13c.dir/CheckFunctionExists.c.o -o cmTC_ff13c  -lpthreads 
/usr/bin/ld: cannot find -lpthreads
collect2: error: ld returned 1 exit status
CMakeFiles/cmTC_ff13c.dir/build.make:105: recipe for target 'cmTC_ff13c' failed
make[1]: *** [cmTC_ff13c] Error 1
make[1]: Leaving directory '/home/satoshi/GankenKun_webots/hr46_b3m/build/CMakeFiles/CMakeTmp'
Makefile:140: recipe for target 'cmTC_ff13c/fast' failed
make: *** [cmTC_ff13c/fast] Error 2



